<?xml version="1.0" encoding="UTF-8"?>
<!-- Generated by org.testng.reporters.JUnitReportReporter -->
<testsuite hostname="DESKTOP-5966DD6" failures="0" tests="3" name="testCases.AddCustomerTest" time="0.221" errors="0" timestamp="2024-02-27T20:41:39 IST" skipped="0">
  <testcase classname="testCases.AddCustomerTest" name="addCustomer" time="0.061"/>
  <testcase classname="testCases.AddCustomerTest" name="addCustomer" time="0.093"/>
  <testcase classname="testCases.AddCustomerTest" name="addCustomer" time="0.067"/>
  <system-out>
    <![CDATA[Login successfully executed
<a target="blank" href="file://C:/Users/AMIT/eclipse-workspace/DataDrivenFramework/src/test/resources/ScreenshotImage/Failed.jpg">Screenshot</a>
<br>
<a target="blank" href="file://C:/Users/AMIT/eclipse-workspace/DataDrivenFramework/src/test/resources/ScreenshotImage/Failed.jpg"><img height=400 width=400 src="file://C:/Users/AMIT/eclipse-workspace/DataDrivenFramework/src/test/resources/ScreenshotImage/Failed.jpg "></img></a>]]>
  </system-out>
</testsuite> <!-- testCases.AddCustomerTest -->
