<?xml version="1.0" encoding="UTF-8"?>
<!-- Generated by org.testng.reporters.JUnitReportReporter -->
<testsuite hostname="DESKTOP-5966DD6" failures="0" tests="1" name="testCases.BankManagerLoginTest" time="7.160" errors="0" timestamp="2024-02-27T18:56:38 IST" skipped="0">
  <testcase classname="testCases.BankManagerLoginTest" name="loginAsBankManager" time="7.160"/>
</testsuite> <!-- testCases.BankManagerLoginTest -->
