<?xml version="1.0" encoding="UTF-8"?>
<!-- Generated by org.testng.reporters.JUnitReportReporter -->
<testsuite hostname="DESKTOP-5966DD6" failures="0" tests="1" name="testCases.LoginTest" time="7.127" errors="0" timestamp="2024-02-26T14:44:36 IST" skipped="0">
  <testcase classname="testCases.LoginTest" name="loginAsBankManager" time="7.127"/>
</testsuite> <!-- testCases.LoginTest -->
