<?xml version="1.0" encoding="UTF-8"?>
<!-- Generated by org.testng.reporters.JUnitReportReporter -->
<testsuite hostname="DESKTOP-5966DD6" failures="0" tests="3" name="testCases.AddCustomerTest" time="32.108" errors="0" timestamp="2024-03-03T11:20:33 IST" skipped="0">
  <testcase classname="testCases.AddCustomerTest" name="addCustomerTest" time="15.441"/>
  <testcase classname="testCases.AddCustomerTest" name="addCustomerTest" time="16.190"/>
  <testcase classname="testCases.AddCustomerTest" name="addCustomerTest" time="0.477"/>
  <system-out>
    <![CDATA[Login successfully executed]]>
  </system-out>
</testsuite> <!-- testCases.AddCustomerTest -->
