<?xml version="1.0" encoding="UTF-8"?>
<!-- Generated by org.testng.reporters.JUnitReportReporter -->
<testsuite hostname="DESKTOP-5966DD6" failures="0" tests="3" name="testCases.OpenAccountTest" time="37.991" errors="0" timestamp="2024-03-03T11:20:33 IST" skipped="0">
  <testcase classname="testCases.OpenAccountTest" name="openAccountTest" time="12.660"/>
  <testcase classname="testCases.OpenAccountTest" name="openAccountTest" time="12.570"/>
  <testcase classname="testCases.OpenAccountTest" name="openAccountTest" time="12.761"/>
  <system-out>
    <![CDATA[Login successfully executed]]>
  </system-out>
</testsuite> <!-- testCases.OpenAccountTest -->
