<?xml version="1.0" encoding="UTF-8"?>
<!-- Generated by org.testng.reporters.JUnitReportReporter -->
<testsuite hostname="DESKTOP-5966DD6" failures="0" tests="3" name="testCases.AddCustomerTest" time="0.234" errors="0" timestamp="2024-02-28T20:31:10 IST" skipped="0">
  <testcase classname="testCases.AddCustomerTest" name="addCustomer" time="0.087"/>
  <testcase classname="testCases.AddCustomerTest" name="addCustomer" time="0.067"/>
  <testcase classname="testCases.AddCustomerTest" name="addCustomer" time="0.080"/>
  <system-out>
    <![CDATA[Login successfully executed
click to see screenshot
<a target="blank" href=Wed_Feb_28_20_31_08_IST_2024.jpg>Screenshot</a>
<br>
<br>
<a target="blank" href="+TestUtil.screenshotName+"><img height=200 width=200 src="+TestUtil.screenshotName+"  ></img></a>]]>
  </system-out>
</testsuite> <!-- testCases.AddCustomerTest -->
