<?xml version="1.0" encoding="UTF-8"?>
<!-- Generated by org.testng.reporters.JUnitReportReporter -->
<testsuite hostname="DESKTOP-5966DD6" failures="0" tests="1" name="testCases.BankManagerLoginTest" time="7.821" errors="0" timestamp="2024-03-03T11:20:33 IST" skipped="0">
  <testcase classname="testCases.BankManagerLoginTest" name="bankManagerLoginTest" time="7.821">
    <system-out>
      <![CDATA[Login successfully executed]]>
    </system-out>
  </testcase> <!-- bankManagerLoginTest -->
  <system-out>
    <![CDATA[Login successfully executed]]>
  </system-out>
</testsuite> <!-- testCases.BankManagerLoginTest -->
