<?xml version="1.0" encoding="UTF-8"?>
<!-- Generated by org.testng.reporters.JUnitReportReporter -->
<testsuite hostname="DESKTOP-5966DD6" failures="0" tests="3" name="testCases.AddCustomerTest" time="0.234" errors="0" timestamp="2024-03-01T20:19:12 IST" skipped="0">
  <testcase classname="testCases.AddCustomerTest" name="addCustomerTest" time="0.064"/>
  <testcase classname="testCases.AddCustomerTest" name="addCustomerTest" time="0.078"/>
  <testcase classname="testCases.AddCustomerTest" name="addCustomerTest" time="0.092"/>
  <system-out>
    <![CDATA[Login successfully executed
click to see screenshot
<a target="blank" href=Fri_Mar_01_20_19_06_IST_2024.jpg>Screenshot</a>
<br>
<br>
<a target="blank" href="+TestUtil.screenshotName+"><img height=200 width=200 src="+TestUtil.screenshotName+"  ></img></a>
click to see screenshot
<a target="blank" href=Fri_Mar_01_20_19_08_IST_2024.jpg>Screenshot</a>
<br>
<br>
<a target="blank" href="+TestUtil.screenshotName+"><img height=200 width=200 src="+TestUtil.screenshotName+"  ></img></a>
click to see screenshot
<a target="blank" href=Fri_Mar_01_20_19_11_IST_2024.jpg>Screenshot</a>
<br>
<br>
<a target="blank" href="+TestUtil.screenshotName+"><img height=200 width=200 src="+TestUtil.screenshotName+"  ></img></a>]]>
  </system-out>
</testsuite> <!-- testCases.AddCustomerTest -->
