<?xml version="1.0" encoding="UTF-8"?>
<!-- Generated by org.testng.reporters.JUnitReportReporter -->
<testsuite hostname="DESKTOP-5966DD6" failures="0" tests="3" name="testCases.AddCustomerTest" time="0.301" errors="0" timestamp="2024-03-03T18:27:56 IST" skipped="0">
  <testcase classname="testCases.AddCustomerTest" name="addCustomerTest" time="0.099"/>
  <testcase classname="testCases.AddCustomerTest" name="addCustomerTest" time="0.114"/>
  <testcase classname="testCases.AddCustomerTest" name="addCustomerTest" time="0.088"/>
  <system-out>
    <![CDATA[Login successfully executed]]>
  </system-out>
</testsuite> <!-- testCases.AddCustomerTest -->
